{"/Users/yonigoldberg/Solutions/temp/practica/src/code-templates/libraries/configuration-provider/configuration-provider.ts": {"path":"/Users/yonigoldberg/Solutions/temp/practica/src/code-templates/libraries/configuration-provider/configuration-provider.ts","all":false,"statementMap":{"0":{"start":{"line":1,"column":0},"end":{"line":1,"column":30}},"1":{"start":{"line":2,"column":0},"end":{"line":2,"column":0}},"2":{"start":{"line":3,"column":0},"end":{"line":3,"column":86}},"3":{"start":{"line":4,"column":0},"end":{"line":4,"column":62}},"4":{"start":{"line":5,"column":0},"end":{"line":5,"column":66}},"5":{"start":{"line":6,"column":0},"end":{"line":6,"column":0}},"6":{"start":{"line":7,"column":0},"end":{"line":7,"column":36}},"7":{"start":{"line":8,"column":0},"end":{"line":8,"column":49}},"8":{"start":{"line":9,"column":0},"end":{"line":9,"column":42}},"9":{"start":{"line":10,"column":0},"end":{"line":10,"column":1}},"10":{"start":{"line":11,"column":0},"end":{"line":11,"column":0}},"11":{"start":{"line":12,"column":0},"end":{"line":12,"column":80}},"12":{"start":{"line":13,"column":0},"end":{"line":13,"column":25}},"13":{"start":{"line":14,"column":0},"end":{"line":14,"column":43}},"14":{"start":{"line":15,"column":0},"end":{"line":15,"column":1}},"15":{"start":{"line":16,"column":0},"end":{"line":16,"column":0}},"16":{"start":{"line":17,"column":0},"end":{"line":17,"column":51}},"17":{"start":{"line":18,"column":0},"end":{"line":18,"column":51}},"18":{"start":{"line":19,"column":0},"end":{"line":19,"column":66}},"19":{"start":{"line":20,"column":0},"end":{"line":20,"column":3}},"20":{"start":{"line":21,"column":0},"end":{"line":21,"column":0}},"21":{"start":{"line":22,"column":0},"end":{"line":22,"column":88}},"22":{"start":{"line":23,"column":0},"end":{"line":23,"column":63}},"23":{"start":{"line":24,"column":0},"end":{"line":24,"column":15}},"24":{"start":{"line":25,"column":0},"end":{"line":25,"column":61}},"25":{"start":{"line":26,"column":0},"end":{"line":26,"column":1}}},"s":{"0":1,"1":1,"2":1,"3":1,"4":1,"5":1,"6":6,"7":6,"8":6,"9":6,"10":1,"11":1,"12":4,"13":4,"14":4,"15":1,"16":4,"17":4,"18":1,"19":1,"20":4,"21":4,"22":4,"23":4,"24":4,"25":4},"branchMap":{"0":{"type":"branch","line":7,"loc":{"start":{"line":7,"column":0},"end":{"line":10,"column":1}},"locations":[{"start":{"line":7,"column":0},"end":{"line":10,"column":1}}]},"1":{"type":"branch","line":13,"loc":{"start":{"line":13,"column":0},"end":{"line":15,"column":1}},"locations":[{"start":{"line":13,"column":0},"end":{"line":15,"column":1}}]},"2":{"type":"branch","line":17,"loc":{"start":{"line":17,"column":0},"end":{"line":26,"column":1}},"locations":[{"start":{"line":17,"column":0},"end":{"line":26,"column":1}}]},"3":{"type":"branch","line":18,"loc":{"start":{"line":18,"column":50},"end":{"line":20,"column":3}},"locations":[{"start":{"line":18,"column":50},"end":{"line":20,"column":3}}]}},"b":{"0":[6],"1":[4],"2":[4],"3":[1]},"fnMap":{"0":{"name":"initialize","decl":{"start":{"line":7,"column":0},"end":{"line":10,"column":1}},"loc":{"start":{"line":7,"column":0},"end":{"line":10,"column":1}},"line":7},"1":{"name":"reset","decl":{"start":{"line":13,"column":0},"end":{"line":15,"column":1}},"loc":{"start":{"line":13,"column":0},"end":{"line":15,"column":1}},"line":13},"2":{"name":"getValue","decl":{"start":{"line":17,"column":0},"end":{"line":26,"column":1}},"loc":{"start":{"line":17,"column":0},"end":{"line":26,"column":1}},"line":17}},"f":{"0":6,"1":4,"2":4}}
,"/Users/yonigoldberg/Solutions/temp/practica/src/code-templates/libraries/configuration-provider/index.ts": {"path":"/Users/yonigoldberg/Solutions/temp/practica/src/code-templates/libraries/configuration-provider/index.ts","all":false,"statementMap":{"0":{"start":{"line":1,"column":0},"end":{"line":1,"column":41}}},"s":{"0":1},"branchMap":{},"b":{},"fnMap":{},"f":{}}
}
