TN:
SF:config.ts
FNF:0
FNH:0
DA:1,1
DA:2,1
DA:3,1
DA:4,1
DA:5,1
DA:6,1
DA:7,1
DA:8,1
DA:9,1
DA:10,1
DA:11,1
DA:12,1
DA:13,1
DA:14,1
DA:15,1
DA:16,1
DA:17,1
DA:18,1
DA:19,1
DA:20,1
DA:21,1
DA:22,1
DA:23,1
DA:24,1
DA:25,1
DA:26,1
DA:27,1
DA:28,1
DA:29,1
DA:30,1
DA:31,1
DA:32,1
DA:33,1
DA:34,1
DA:35,1
DA:36,1
DA:37,1
DA:38,1
DA:39,1
DA:40,1
DA:41,1
DA:42,1
DA:43,1
DA:44,1
DA:45,1
DA:46,1
DA:47,1
DA:48,1
DA:49,1
DA:50,1
DA:51,1
DA:52,1
DA:53,1
DA:54,1
DA:55,1
DA:56,1
DA:57,1
DA:58,1
DA:59,1
DA:60,1
DA:61,1
DA:62,1
DA:63,1
DA:64,1
LF:64
LH:64
BRF:0
BRH:0
end_of_record
TN:
SF:data-access/db-connection.ts
FN:8,getDbConnection
FNF:1
FNH:1
FNDA:9,getDbConnection
DA:1,1
DA:2,1
DA:3,1
DA:4,1
DA:5,1
DA:6,1
DA:7,1
DA:8,9
DA:9,9
DA:10,3
DA:11,3
DA:12,3
DA:13,3
DA:14,3
DA:15,3
DA:16,3
DA:17,9
DA:18,9
DA:19,9
LF:19
LH:19
BRDA:8,0,0,9
BRDA:9,1,0,3
BRF:2
BRH:2
end_of_record
TN:
SF:data-access/config/config.js
FNF:0
FNH:0
DA:1,1
DA:2,1
DA:3,1
DA:4,1
DA:5,1
DA:6,1
DA:7,1
DA:8,1
DA:9,1
DA:10,1
DA:11,1
DA:12,1
DA:13,1
DA:14,1
DA:15,1
LF:15
LH:15
BRF:0
BRH:0
end_of_record
TN:
SF:data-access/repositories/order-model.ts
FN:4,getOrderModel
FNF:1
FNH:1
FNDA:9,getOrderModel
DA:1,1
DA:2,1
DA:3,1
DA:4,9
DA:5,9
DA:6,9
DA:7,9
DA:8,9
DA:9,9
DA:10,9
DA:11,9
DA:12,9
DA:13,9
DA:14,9
DA:15,9
DA:16,9
DA:17,9
DA:18,9
DA:19,9
DA:20,9
DA:21,9
DA:22,9
DA:23,9
DA:24,9
DA:25,9
DA:26,9
DA:27,9
DA:28,9
DA:29,9
LF:29
LH:29
BRDA:4,0,0,9
BRF:1
BRH:1
end_of_record
TN:
SF:data-access/repositories/order-repository.ts
FN:4,getOrderById
FN:8,addOrder
FN:14,deleteOrder
FN:18,cleanupData
FNF:4
FNH:3
FNDA:4,getOrderById
FNDA:4,addOrder
FNDA:1,deleteOrder
FNDA:0,cleanupData
DA:1,1
DA:2,1
DA:3,1
DA:4,1
DA:5,4
DA:6,4
DA:7,1
DA:8,1
DA:9,4
DA:10,4
DA:11,4
DA:12,4
DA:13,1
DA:14,1
DA:15,1
DA:16,1
DA:17,1
DA:18,1
DA:19,0
DA:20,0
LF:20
LH:18
BRDA:4,0,0,4
BRDA:8,1,0,4
BRDA:14,2,0,1
BRF:3
BRH:3
end_of_record
TN:
SF:domain/new-order-use-case.ts
FN:9,addOrder
FN:22,getUserOrThrowIfNotExist
FN:26,validateStatus
FN:41,validateNewOrderRequest
FN:50,deleteOrder
FN:54,getOrder
FNF:6
FNH:6
FNDA:6,addOrder
FNDA:5,getUserOrThrowIfNotExist
FNDA:5,validateStatus
FNDA:6,validateNewOrderRequest
FNDA:1,deleteOrder
FNDA:4,getOrder
DA:1,1
DA:2,1
DA:3,1
DA:4,1
DA:5,1
DA:6,1
DA:7,1
DA:8,1
DA:9,1
DA:10,6
DA:11,6
DA:12,6
DA:13,6
DA:14,6
DA:15,6
DA:16,6
DA:17,6
DA:18,6
DA:19,6
DA:20,6
DA:21,1
DA:22,5
DA:23,5
DA:24,5
DA:25,5
DA:26,5
DA:27,5
DA:28,5
DA:29,5
DA:30,1
DA:31,1
DA:32,1
DA:33,1
DA:34,1
DA:35,1
DA:36,1
DA:37,4
DA:38,4
DA:39,4
DA:40,1
DA:41,6
DA:42,6
DA:43,6
DA:44,6
DA:45,6
DA:46,1
DA:47,1
DA:48,6
DA:49,1
DA:50,1
DA:51,1
DA:52,1
DA:53,1
DA:54,1
DA:55,4
DA:56,4
LF:56
LH:56
BRDA:9,0,0,6
BRDA:22,1,0,5
BRDA:29,2,0,1
BRDA:37,3,0,4
BRDA:26,4,0,5
BRDA:41,5,0,6
BRDA:45,6,0,1
BRDA:50,7,0,1
BRDA:54,8,0,4
BRF:9
BRH:9
end_of_record
TN:
SF:domain/order-schema.ts
FN:13,getNewOrderValidator
FNF:1
FNH:1
FNDA:6,getNewOrderValidator
DA:1,1
DA:2,1
DA:3,1
DA:4,1
DA:5,1
DA:6,1
DA:7,1
DA:8,1
DA:9,1
DA:10,1
DA:11,1
DA:12,1
DA:13,6
DA:14,6
DA:15,6
DA:16,3
DA:17,3
DA:18,6
DA:19,6
DA:20,6
LF:20
LH:20
BRDA:13,0,0,6
BRDA:15,1,0,3
BRF:2
BRH:2
end_of_record
TN:
SF:domain/payment-terms-service.ts
FN:2,determinePaymentTerms
FNF:1
FNH:1
FNDA:4,determinePaymentTerms
DA:1,1
DA:2,4
DA:3,4
DA:4,4
DA:5,4
DA:6,1
DA:7,1
LF:7
LH:7
BRDA:2,0,0,4
BRDA:4,1,0,0
BRF:2
BRH:1
end_of_record
TN:
SF:entry-points/api/routes.ts
FN:6,defineRoutes
FNF:1
FNH:1
FNDA:3,defineRoutes
DA:1,1
DA:2,1
DA:3,1
DA:4,1
DA:5,1
DA:6,3
DA:7,3
DA:8,3
DA:9,3
DA:10,6
DA:11,6
DA:12,6
DA:13,6
DA:14,6
DA:15,6
DA:16,6
DA:17,6
DA:18,2
DA:19,2
DA:20,2
DA:21,3
DA:22,3
DA:23,3
DA:24,3
DA:25,4
DA:26,4
DA:27,4
DA:28,4
DA:29,2
DA:30,2
DA:31,2
DA:32,2
DA:33,2
DA:34,3
DA:35,3
DA:36,3
DA:37,3
DA:38,1
DA:39,1
DA:40,1
DA:41,3
DA:42,3
DA:43,3
DA:44,3
LF:44
LH:44
BRDA:6,0,0,3
BRDA:9,1,0,6
BRDA:17,2,0,2
BRDA:24,3,0,4
BRDA:28,4,0,2
BRDA:37,5,0,1
BRF:6
BRH:6
end_of_record
TN:
SF:entry-points/api/server.ts
FN:14,startWebServer
FN:36,stopWebServer
FN:46,openConnection
FN:61,handleRouteErrors
FNF:4
FNH:4
FNDA:3,startWebServer
FNDA:3,stopWebServer
FNDA:3,openConnection
FNDA:3,handleRouteErrors
DA:1,1
DA:2,1
DA:3,1
DA:4,1
DA:5,1
DA:6,1
DA:7,1
DA:8,1
DA:9,1
DA:10,1
DA:11,1
DA:12,1
DA:13,1
DA:14,3
DA:15,3
DA:16,3
DA:17,3
DA:18,3
DA:19,3
DA:20,3
DA:21,3
DA:22,3
DA:23,3
DA:24,3
DA:25,3
DA:26,3
DA:27,3
DA:28,3
DA:29,3
DA:30,3
DA:31,3
DA:32,3
DA:33,3
DA:34,3
DA:35,1
DA:36,3
DA:37,3
DA:38,3
DA:39,3
DA:40,0
DA:41,3
DA:42,3
DA:43,3
DA:44,3
DA:45,1
DA:46,3
DA:47,3
DA:48,3
DA:49,3
DA:50,3
DA:51,3
DA:52,3
DA:53,3
DA:54,3
DA:55,3
DA:56,3
DA:57,3
DA:58,3
DA:59,3
DA:60,1
DA:61,3
DA:62,3
DA:63,3
DA:64,2
DA:65,2
DA:66,2
DA:67,2
DA:68,2
DA:69,2
DA:70,2
DA:71,2
DA:72,2
DA:73,2
DA:74,0
DA:75,0
DA:76,2
DA:77,2
DA:78,2
DA:79,2
DA:80,2
DA:81,2
DA:82,3
DA:83,3
DA:84,1
DA:85,1
LF:85
LH:82
BRDA:14,0,0,3
BRDA:36,1,0,3
BRDA:37,2,0,3
BRDA:46,3,0,3
BRDA:49,4,0,3
BRDA:54,5,0,3
BRDA:61,6,0,3
BRDA:63,7,0,2
BRDA:73,8,0,0
BRDA:80,9,0,0
BRF:10
BRH:8
end_of_record
TN:
SF:test/test-helpers.ts
FN:4,getAxiosInstance
FN:16,signValidTokenWithDefaultUser
FN:20,signValidToken
FN:24,signExpiredToken
FN:28,internalSignTokenSynchronously
FNF:5
FNH:2
FNDA:0,getAxiosInstance
FNDA:3,signValidTokenWithDefaultUser
FNDA:0,signValidToken
FNDA:0,signExpiredToken
FNDA:3,internalSignTokenSynchronously
DA:1,1
DA:2,1
DA:3,1
DA:4,1
DA:5,0
DA:6,0
DA:7,0
DA:8,0
DA:9,0
DA:10,0
DA:11,0
DA:12,0
DA:13,0
DA:14,0
DA:15,1
DA:16,3
DA:17,3
DA:18,3
DA:19,1
DA:20,0
DA:21,0
DA:22,0
DA:23,1
DA:24,0
DA:25,0
DA:26,0
DA:27,1
DA:28,3
DA:29,3
DA:30,3
DA:31,3
DA:32,3
DA:33,3
DA:34,3
DA:35,3
DA:36,3
DA:37,3
DA:38,3
DA:39,3
DA:40,3
DA:41,3
DA:42,1
DA:43,1
LF:43
LH:27
BRDA:16,0,0,3
BRDA:28,1,0,3
BRF:2
BRH:2
end_of_record
