TN:
SF:config.ts
FNF:0
FNH:0
DA:1,1
DA:2,1
DA:3,1
DA:4,1
DA:5,1
DA:6,1
DA:7,1
DA:8,1
DA:9,1
DA:10,1
DA:11,1
DA:12,1
DA:13,1
DA:14,1
DA:15,1
DA:16,1
DA:17,1
DA:18,1
DA:19,1
DA:20,1
DA:21,1
DA:22,1
DA:23,1
DA:24,1
DA:25,1
DA:26,1
DA:27,1
DA:28,1
DA:29,1
DA:30,1
DA:31,1
DA:32,1
DA:33,1
DA:34,1
DA:35,1
DA:36,1
DA:37,1
DA:38,1
DA:39,1
DA:40,1
DA:41,1
DA:42,1
DA:43,1
DA:44,1
DA:45,1
DA:46,1
DA:47,1
DA:48,1
DA:49,1
DA:50,1
DA:51,1
DA:52,1
DA:53,1
DA:54,1
DA:55,1
DA:56,1
DA:57,1
DA:58,1
DA:59,1
DA:60,1
DA:61,1
DA:62,1
DA:63,1
DA:64,1
LF:64
LH:64
BRF:0
BRH:0
end_of_record
TN:
SF:data-access/db-connection.ts
FN:8,getDbConnection
FNF:1
FNH:1
FNDA:5,getDbConnection
DA:1,1
DA:2,1
DA:3,1
DA:4,1
DA:5,1
DA:6,1
DA:7,1
DA:8,5
DA:9,5
DA:10,1
DA:11,1
DA:12,1
DA:13,1
DA:14,1
DA:15,1
DA:16,1
DA:17,1
DA:18,1
DA:19,1
DA:20,1
DA:21,1
DA:22,1
DA:23,1
DA:24,1
DA:25,5
DA:26,5
DA:27,5
LF:27
LH:27
BRDA:8,0,0,5
BRDA:9,1,0,1
BRF:2
BRH:2
end_of_record
TN:
SF:data-access/models/users-model.ts
FN:4,getUserModel
FN:62,getRoleModel
FNF:2
FNH:2
FNDA:4,getUserModel
FNDA:1,getRoleModel
DA:1,1
DA:2,1
DA:3,1
DA:4,4
DA:5,4
DA:6,4
DA:7,4
DA:8,4
DA:9,4
DA:10,4
DA:11,4
DA:12,4
DA:13,4
DA:14,4
DA:15,4
DA:16,4
DA:17,4
DA:18,4
DA:19,4
DA:20,4
DA:21,4
DA:22,4
DA:23,4
DA:24,4
DA:25,4
DA:26,4
DA:27,4
DA:28,4
DA:29,4
DA:30,4
DA:31,4
DA:32,4
DA:33,4
DA:34,4
DA:35,4
DA:36,4
DA:37,4
DA:38,4
DA:39,4
DA:40,4
DA:41,4
DA:42,4
DA:43,4
DA:44,4
DA:45,4
DA:46,4
DA:47,4
DA:48,4
DA:49,4
DA:50,4
DA:51,4
DA:52,4
DA:53,4
DA:54,4
DA:55,4
DA:56,4
DA:57,4
DA:58,4
DA:59,4
DA:60,4
DA:61,1
DA:62,1
DA:63,1
DA:64,1
DA:65,1
DA:66,1
DA:67,1
DA:68,1
DA:69,1
DA:70,1
DA:71,1
DA:72,1
DA:73,1
DA:74,1
DA:75,1
DA:76,1
DA:77,1
DA:78,1
DA:79,1
DA:80,1
DA:81,1
DA:82,1
DA:83,1
DA:84,1
DA:85,1
DA:86,1
DA:87,1
DA:88,1
DA:89,1
DA:90,1
DA:91,1
DA:92,1
DA:93,1
DA:94,1
DA:95,1
DA:96,1
DA:97,1
DA:98,1
DA:99,1
DA:100,1
DA:101,1
DA:102,1
DA:103,1
DA:104,1
LF:104
LH:104
BRDA:4,0,0,4
BRDA:62,1,0,1
BRF:2
BRH:2
end_of_record
TN:
SF:data-access/repositories/users-repository.ts
FN:6,getUserById
FN:10,getUserByEmail
FN:19,addUser
FN:24,deleteUser
FN:28,cleanupData
FNF:5
FNH:2
FNDA:0,getUserById
FNDA:2,getUserByEmail
FNDA:1,addUser
FNDA:0,deleteUser
FNDA:0,cleanupData
DA:1,1
DA:2,1
DA:3,1
DA:4,1
DA:5,1
DA:6,1
DA:7,0
DA:8,0
DA:9,1
DA:10,1
DA:11,2
DA:12,2
DA:13,2
DA:14,2
DA:15,2
DA:16,2
DA:17,2
DA:18,1
DA:19,1
DA:20,1
DA:21,1
DA:22,1
DA:23,1
DA:24,1
DA:25,0
DA:26,0
DA:27,1
DA:28,1
DA:29,0
DA:30,0
LF:30
LH:24
BRDA:10,0,0,2
BRDA:19,1,0,1
BRF:2
BRH:2
end_of_record
TN:
SF:domain/encryption-service.ts
FN:4,hashPassword
FN:20,checkPassword
FNF:2
FNH:1
FNDA:1,hashPassword
FNDA:0,checkPassword
DA:1,1
DA:2,1
DA:3,1
DA:4,1
DA:5,1
DA:6,1
DA:7,1
DA:8,1
DA:9,1
DA:10,1
DA:11,0
DA:12,0
DA:13,0
DA:14,0
DA:15,0
DA:16,0
DA:17,0
DA:18,1
DA:19,1
DA:20,1
DA:21,0
DA:22,0
DA:23,0
DA:24,0
DA:25,0
DA:26,0
LF:26
LH:13
BRDA:4,0,0,1
BRDA:10,1,0,0
BRF:2
BRH:1
end_of_record
TN:
SF:domain/new-user-use-case.ts
FN:8,createNewUser
FN:29,validateNewUserRequest
FNF:2
FNH:2
FNDA:2,createNewUser
FNDA:2,validateNewUserRequest
DA:1,1
DA:2,1
DA:3,1
DA:4,1
DA:5,1
DA:6,1
DA:7,1
DA:8,1
DA:9,2
DA:10,2
DA:11,2
DA:12,2
DA:13,2
DA:14,1
DA:15,1
DA:16,1
DA:17,1
DA:18,1
DA:19,1
DA:20,1
DA:21,1
DA:22,1
DA:23,1
DA:24,1
DA:25,1
DA:26,1
DA:27,1
DA:28,1
DA:29,2
DA:30,2
DA:31,2
DA:32,2
DA:33,2
DA:34,0
DA:35,0
DA:36,2
LF:36
LH:34
BRDA:8,0,0,2
BRDA:13,1,0,1
BRDA:29,2,0,2
BRDA:33,3,0,0
BRF:4
BRH:3
end_of_record
TN:
SF:domain/signin-user-user-case.ts
FN:8,signinUser
FN:23,validateSigninUserRequest
FNF:2
FNH:0
FNDA:0,signinUser
FNDA:0,validateSigninUserRequest
DA:1,1
DA:2,1
DA:3,1
DA:4,1
DA:5,1
DA:6,1
DA:7,1
DA:8,1
DA:9,0
DA:10,0
DA:11,0
DA:12,0
DA:13,0
DA:14,0
DA:15,0
DA:16,0
DA:17,0
DA:18,0
DA:19,0
DA:20,0
DA:21,0
DA:22,1
DA:23,0
DA:24,0
DA:25,0
DA:26,0
DA:27,0
DA:28,0
DA:29,0
DA:30,0
LF:30
LH:9
BRF:0
BRH:0
end_of_record
TN:
SF:domain/user-schema.ts
FN:21,getNewUserValidator
FN:30,getSigninUserValidator
FNF:2
FNH:1
FNDA:2,getNewUserValidator
FNDA:0,getSigninUserValidator
DA:1,1
DA:2,1
DA:3,1
DA:4,1
DA:5,1
DA:6,1
DA:7,1
DA:8,1
DA:9,1
DA:10,1
DA:11,1
DA:12,1
DA:13,1
DA:14,1
DA:15,1
DA:16,1
DA:17,1
DA:18,1
DA:19,1
DA:20,1
DA:21,2
DA:22,2
DA:23,2
DA:24,1
DA:25,1
DA:26,2
DA:27,2
DA:28,2
DA:29,1
DA:30,0
DA:31,0
DA:32,0
DA:33,0
DA:34,0
DA:35,0
DA:36,0
DA:37,0
LF:37
LH:29
BRDA:21,0,0,2
BRDA:23,1,0,1
BRF:2
BRH:2
end_of_record
TN:
SF:domain/dto/create-user-dto.ts
FN:3,CreateUserDto
FNF:1
FNH:1
FNDA:1,CreateUserDto
DA:1,1
DA:2,1
DA:3,1
DA:4,1
DA:5,1
DA:6,1
DA:7,1
DA:8,1
DA:9,1
DA:10,1
LF:10
LH:10
BRDA:3,0,0,1
BRF:1
BRH:1
end_of_record
TN:
SF:entry-points/api/routes.ts
FN:8,defineRoutes
FNF:1
FNH:1
FNDA:1,defineRoutes
DA:1,1
DA:2,1
DA:3,1
DA:4,1
DA:5,1
DA:6,1
DA:7,1
DA:8,1
DA:9,1
DA:10,1
DA:11,1
DA:12,2
DA:13,2
DA:14,2
DA:15,2
DA:16,2
DA:17,1
DA:18,1
DA:19,1
DA:20,1
DA:21,1
DA:22,1
DA:23,1
DA:24,0
DA:25,0
DA:26,0
DA:27,0
DA:28,0
DA:29,0
DA:30,0
DA:31,0
DA:32,0
DA:33,1
DA:34,1
DA:35,1
DA:36,1
LF:36
LH:27
BRDA:8,0,0,1
BRDA:11,1,0,2
BRDA:17,2,0,1
BRF:3
BRH:3
end_of_record
TN:
SF:entry-points/api/server.ts
FN:13,startWebServer
FN:31,stopWebServer
FN:41,openConnection
FN:56,handleRouteErrors
FNF:4
FNH:4
FNDA:1,startWebServer
FNDA:1,stopWebServer
FNDA:1,openConnection
FNDA:1,handleRouteErrors
DA:1,1
DA:2,1
DA:3,1
DA:4,1
DA:5,1
DA:6,1
DA:7,1
DA:8,1
DA:9,1
DA:10,1
DA:11,1
DA:12,1
DA:13,1
DA:14,1
DA:15,1
DA:16,1
DA:17,1
DA:18,1
DA:19,1
DA:20,1
DA:21,1
DA:22,1
DA:23,1
DA:24,1
DA:25,1
DA:26,1
DA:27,1
DA:28,1
DA:29,1
DA:30,1
DA:31,1
DA:32,1
DA:33,1
DA:34,1
DA:35,0
DA:36,1
DA:37,1
DA:38,1
DA:39,1
DA:40,1
DA:41,1
DA:42,1
DA:43,1
DA:44,1
DA:45,1
DA:46,1
DA:47,1
DA:48,1
DA:49,1
DA:50,1
DA:51,1
DA:52,1
DA:53,1
DA:54,1
DA:55,1
DA:56,1
DA:57,1
DA:58,1
DA:59,1
DA:60,1
DA:61,1
DA:62,1
DA:63,1
DA:64,1
DA:65,1
DA:66,1
DA:67,1
DA:68,1
DA:69,0
DA:70,0
DA:71,1
DA:72,1
DA:73,1
DA:74,1
DA:75,1
DA:76,1
DA:77,1
DA:78,1
DA:79,1
DA:80,1
LF:80
LH:77
BRDA:13,0,0,1
BRDA:31,1,0,1
BRDA:32,2,0,1
BRDA:41,3,0,1
BRDA:44,4,0,1
BRDA:47,5,0,0
BRDA:49,6,0,1
BRDA:56,7,0,1
BRDA:58,8,0,1
BRDA:68,9,0,0
BRDA:75,10,0,0
BRF:11
BRH:8
end_of_record
TN:
SF:test/test-helpers.ts
FN:4,getAxiosInstance
FN:16,signValidTokenWithDefaultUser
FN:20,signValidToken
FN:24,signExpiredToken
FN:28,internalSignTokenSynchronously
FNF:5
FNH:2
FNDA:0,getAxiosInstance
FNDA:1,signValidTokenWithDefaultUser
FNDA:0,signValidToken
FNDA:0,signExpiredToken
FNDA:1,internalSignTokenSynchronously
DA:1,1
DA:2,1
DA:3,1
DA:4,1
DA:5,0
DA:6,0
DA:7,0
DA:8,0
DA:9,0
DA:10,0
DA:11,0
DA:12,0
DA:13,0
DA:14,0
DA:15,1
DA:16,1
DA:17,1
DA:18,1
DA:19,1
DA:20,0
DA:21,0
DA:22,0
DA:23,1
DA:24,0
DA:25,0
DA:26,0
DA:27,1
DA:28,1
DA:29,1
DA:30,1
DA:31,1
DA:32,1
DA:33,1
DA:34,1
DA:35,1
DA:36,1
DA:37,1
DA:38,1
DA:39,1
DA:40,1
DA:41,1
DA:42,1
DA:43,1
LF:43
LH:27
BRDA:16,0,0,1
BRDA:28,1,0,1
BRF:2
BRH:2
end_of_record
