TN:
SF:config.ts
FNF:0
FNH:0
DA:1,1
DA:2,1
DA:3,1
DA:4,1
DA:5,1
DA:6,1
DA:7,1
DA:8,1
DA:9,1
DA:10,1
DA:11,1
DA:12,1
DA:13,1
DA:14,1
DA:15,1
DA:16,1
DA:17,1
DA:18,1
DA:19,1
DA:20,1
DA:21,1
DA:22,1
DA:23,1
DA:24,1
DA:25,1
DA:26,1
DA:27,1
DA:28,1
DA:29,1
DA:30,1
DA:31,1
DA:32,1
DA:33,1
DA:34,1
DA:35,1
DA:36,1
DA:37,1
DA:38,1
DA:39,1
DA:40,1
DA:41,1
DA:42,1
DA:43,1
DA:44,1
DA:45,1
DA:46,1
DA:47,1
DA:48,1
DA:49,1
DA:50,1
DA:51,1
DA:52,1
DA:53,1
DA:54,1
DA:55,1
DA:56,1
DA:57,1
DA:58,1
DA:59,1
DA:60,1
DA:61,1
DA:62,1
DA:63,1
DA:64,1
LF:64
LH:64
BRF:0
BRH:0
end_of_record
TN:
SF:data-access/db-connection.ts
FN:8,getDbConnection
FNF:1
FNH:1
FNDA:8,getDbConnection
DA:1,1
DA:2,1
DA:3,1
DA:4,1
DA:5,1
DA:6,1
DA:7,1
DA:8,8
DA:9,8
DA:10,3
DA:11,3
DA:12,3
DA:13,3
DA:14,3
DA:15,3
DA:16,3
DA:17,3
DA:18,3
DA:19,3
DA:20,3
DA:21,3
DA:22,3
DA:23,3
DA:24,3
DA:25,8
DA:26,8
DA:27,8
LF:27
LH:27
BRDA:8,0,0,8
BRDA:9,1,0,3
BRF:2
BRH:2
end_of_record
TN:
SF:data-access/dao/create-user-dao.ts
FN:5,CreateUserDao
FN:7,dtoToDao
FNF:2
FNH:0
FNDA:0,CreateUserDao
FNDA:0,dtoToDao
DA:1,1
DA:2,1
DA:3,1
DA:4,1
DA:5,1
DA:6,1
DA:7,1
DA:8,0
DA:9,0
DA:10,0
DA:11,0
DA:12,0
DA:13,0
DA:14,0
DA:15,0
DA:16,0
DA:17,1
LF:17
LH:8
BRF:0
BRH:0
end_of_record
TN:
SF:data-access/models/users-model.ts
FN:4,getUserModel
FN:55,getRoleModel
FNF:2
FNH:2
FNDA:3,getUserModel
FNDA:3,getRoleModel
DA:1,1
DA:2,1
DA:3,1
DA:4,3
DA:5,3
DA:6,3
DA:7,3
DA:8,3
DA:9,3
DA:10,3
DA:11,3
DA:12,3
DA:13,3
DA:14,3
DA:15,3
DA:16,3
DA:17,3
DA:18,3
DA:19,3
DA:20,3
DA:21,3
DA:22,3
DA:23,3
DA:24,3
DA:25,3
DA:26,3
DA:27,3
DA:28,3
DA:29,3
DA:30,3
DA:31,3
DA:32,3
DA:33,3
DA:34,3
DA:35,3
DA:36,3
DA:37,3
DA:38,3
DA:39,3
DA:40,3
DA:41,3
DA:42,3
DA:43,3
DA:44,3
DA:45,3
DA:46,3
DA:47,3
DA:48,3
DA:49,3
DA:50,3
DA:51,3
DA:52,3
DA:53,3
DA:54,1
DA:55,3
DA:56,3
DA:57,3
DA:58,3
DA:59,3
DA:60,3
DA:61,3
DA:62,3
DA:63,3
DA:64,3
DA:65,3
DA:66,3
DA:67,3
DA:68,3
DA:69,3
DA:70,3
DA:71,3
DA:72,3
DA:73,3
DA:74,3
DA:75,3
DA:76,3
DA:77,3
DA:78,3
DA:79,3
DA:80,3
DA:81,3
DA:82,3
DA:83,3
DA:84,3
DA:85,1
DA:86,1
DA:87,1
DA:88,1
DA:89,1
DA:90,1
DA:91,1
DA:92,1
DA:93,1
LF:93
LH:93
BRDA:4,0,0,3
BRDA:55,1,0,3
BRF:2
BRH:2
end_of_record
TN:
SF:data-access/repositories/users-repository.ts
FN:5,getUserById
FN:9,getUserByEmail
FN:25,saveUser
FN:55,deleteUser
FN:59,cleanupData
FNF:5
FNH:1
FNDA:0,getUserById
FNDA:2,getUserByEmail
FNDA:0,saveUser
FNDA:0,deleteUser
FNDA:0,cleanupData
DA:1,1
DA:2,1
DA:3,1
DA:4,1
DA:5,1
DA:6,0
DA:7,0
DA:8,1
DA:9,1
DA:10,2
DA:11,2
DA:12,2
DA:13,2
DA:14,2
DA:15,2
DA:16,2
DA:17,2
DA:18,2
DA:19,2
DA:20,2
DA:21,2
DA:22,2
DA:23,2
DA:24,1
DA:25,1
DA:26,0
DA:27,0
DA:28,0
DA:29,0
DA:30,0
DA:31,0
DA:32,0
DA:33,0
DA:34,0
DA:35,0
DA:36,0
DA:37,0
DA:38,0
DA:39,0
DA:40,0
DA:41,0
DA:42,0
DA:43,0
DA:44,0
DA:45,0
DA:46,0
DA:47,0
DA:48,0
DA:49,0
DA:50,0
DA:51,0
DA:52,0
DA:53,0
DA:54,1
DA:55,1
DA:56,0
DA:57,0
DA:58,1
DA:59,1
DA:60,0
DA:61,0
LF:61
LH:27
BRDA:9,0,0,2
BRF:1
BRH:1
end_of_record
TN:
SF:domain/encryption-service.ts
FN:4,hashPassword
FN:20,checkPassword
FNF:2
FNH:1
FNDA:0,hashPassword
FNDA:1,checkPassword
DA:1,1
DA:2,1
DA:3,1
DA:4,1
DA:5,0
DA:6,0
DA:7,0
DA:8,0
DA:9,0
DA:10,0
DA:11,0
DA:12,0
DA:13,0
DA:14,0
DA:15,0
DA:16,0
DA:17,0
DA:18,0
DA:19,1
DA:20,1
DA:21,1
DA:22,1
DA:23,1
DA:24,1
DA:25,1
DA:26,1
LF:26
LH:12
BRDA:20,0,0,1
BRF:1
BRH:1
end_of_record
TN:
SF:domain/get-user-use-case.ts
FN:7,getByEmail
FN:23,validateGetUserRequest
FNF:2
FNH:0
FNDA:0,getByEmail
FNDA:0,validateGetUserRequest
DA:1,1
DA:2,1
DA:3,1
DA:4,1
DA:5,1
DA:6,1
DA:7,1
DA:8,0
DA:9,0
DA:10,0
DA:11,0
DA:12,0
DA:13,0
DA:14,0
DA:15,0
DA:16,0
DA:17,0
DA:18,0
DA:19,0
DA:20,0
DA:21,0
DA:22,1
DA:23,0
DA:24,0
DA:25,0
DA:26,0
DA:27,0
DA:28,0
DA:29,0
DA:30,0
DA:31,0
DA:32,0
LF:32
LH:8
BRF:0
BRH:0
end_of_record
TN:
SF:domain/new-user-use-case.ts
FN:10,createNewUser
FN:32,validateNewUserRequest
FNF:2
FNH:0
FNDA:0,createNewUser
FNDA:0,validateNewUserRequest
DA:1,1
DA:2,1
DA:3,1
DA:4,1
DA:5,1
DA:6,1
DA:7,1
DA:8,1
DA:9,1
DA:10,1
DA:11,0
DA:12,0
DA:13,0
DA:14,0
DA:15,0
DA:16,0
DA:17,0
DA:18,0
DA:19,0
DA:20,0
DA:21,0
DA:22,0
DA:23,0
DA:24,0
DA:25,0
DA:26,0
DA:27,0
DA:28,0
DA:29,0
DA:30,0
DA:31,1
DA:32,0
DA:33,0
DA:34,0
DA:35,0
DA:36,0
DA:37,0
DA:38,0
DA:39,0
LF:39
LH:11
BRF:0
BRH:0
end_of_record
TN:
SF:domain/signin-user-use-case.ts
FN:9,signinUser
FN:42,validateSigninUserRequest
FNF:2
FNH:2
FNDA:3,signinUser
FNDA:3,validateSigninUserRequest
DA:1,1
DA:2,1
DA:3,1
DA:4,1
DA:5,1
DA:6,1
DA:7,1
DA:8,1
DA:9,1
DA:10,3
DA:11,3
DA:12,3
DA:13,1
DA:14,1
DA:15,1
DA:16,1
DA:17,1
DA:18,1
DA:19,1
DA:20,1
DA:21,1
DA:22,1
DA:23,1
DA:24,1
DA:25,1
DA:26,3
DA:27,0
DA:28,0
DA:29,3
DA:30,3
DA:31,3
DA:32,3
DA:33,3
DA:34,3
DA:35,3
DA:36,3
DA:37,3
DA:38,3
DA:39,3
DA:40,3
DA:41,1
DA:42,3
DA:43,3
DA:44,3
DA:45,3
DA:46,3
DA:47,1
DA:48,1
DA:49,3
LF:49
LH:47
BRDA:9,0,0,3
BRDA:12,1,0,1
BRDA:26,2,0,0
BRDA:42,3,0,3
BRDA:46,4,0,1
BRF:5
BRH:4
end_of_record
TN:
SF:domain/user-schema.ts
FN:21,getNewUserValidator
FN:30,getSigninUserValidator
FNF:2
FNH:1
FNDA:0,getNewUserValidator
FNDA:3,getSigninUserValidator
DA:1,1
DA:2,1
DA:3,1
DA:4,1
DA:5,1
DA:6,1
DA:7,1
DA:8,1
DA:9,1
DA:10,1
DA:11,1
DA:12,1
DA:13,1
DA:14,1
DA:15,1
DA:16,1
DA:17,1
DA:18,1
DA:19,1
DA:20,1
DA:21,0
DA:22,0
DA:23,0
DA:24,0
DA:25,0
DA:26,0
DA:27,0
DA:28,0
DA:29,1
DA:30,3
DA:31,3
DA:32,3
DA:33,1
DA:34,1
DA:35,3
DA:36,3
DA:37,3
LF:37
LH:29
BRDA:30,0,0,3
BRDA:32,1,0,1
BRF:2
BRH:2
end_of_record
TN:
SF:domain/dto/create-user-dto.ts
FN:3,CreateUserDto
FNF:1
FNH:0
FNDA:0,CreateUserDto
DA:1,1
DA:2,1
DA:3,1
DA:4,0
DA:5,0
DA:6,0
DA:7,0
DA:8,0
DA:9,0
DA:10,0
DA:11,1
LF:11
LH:4
BRF:0
BRH:0
end_of_record
TN:
SF:domain/dto/get-user-dto.ts
FN:3,GetUserDto
FNF:1
FNH:0
FNDA:0,GetUserDto
DA:1,1
DA:2,1
DA:3,1
DA:4,0
DA:5,0
DA:6,0
DA:7,0
DA:8,0
DA:9,0
DA:10,0
DA:11,0
DA:12,0
DA:13,0
DA:14,1
LF:14
LH:4
BRF:0
BRH:0
end_of_record
TN:
SF:domain/dto/signin-user-dto.ts
FN:3,SigninUserDto
FNF:1
FNH:1
FNDA:1,SigninUserDto
DA:1,1
DA:2,1
DA:3,1
DA:4,1
DA:5,1
DA:6,1
DA:7,1
DA:8,1
DA:9,1
DA:10,1
DA:11,1
DA:12,1
DA:13,1
LF:13
LH:13
BRDA:3,0,0,1
BRF:1
BRH:1
end_of_record
TN:
SF:entry-points/api/routes.ts
FN:9,defineRoutes
FNF:1
FNH:1
FNDA:1,defineRoutes
DA:1,1
DA:2,1
DA:3,1
DA:4,1
DA:5,1
DA:6,1
DA:7,1
DA:8,1
DA:9,1
DA:10,1
DA:11,1
DA:12,1
DA:13,0
DA:14,0
DA:15,0
DA:16,0
DA:17,0
DA:18,0
DA:19,0
DA:20,0
DA:21,0
DA:22,1
DA:23,1
DA:24,1
DA:25,3
DA:26,3
DA:27,3
DA:28,3
DA:29,3
DA:30,1
DA:31,3
DA:32,2
DA:33,2
DA:34,1
DA:35,1
DA:36,1
DA:37,0
DA:38,0
DA:39,0
DA:40,0
DA:41,0
DA:42,0
DA:43,0
DA:44,0
DA:45,0
DA:46,1
DA:47,1
DA:48,1
DA:49,1
LF:49
LH:31
BRDA:9,0,0,1
BRDA:24,1,0,3
BRDA:30,2,0,1
BRDA:31,3,0,2
BRF:4
BRH:4
end_of_record
TN:
SF:entry-points/api/server.ts
FN:13,startWebServer
FN:31,stopWebServer
FN:41,openConnection
FN:56,handleRouteErrors
FNF:4
FNH:4
FNDA:1,startWebServer
FNDA:1,stopWebServer
FNDA:1,openConnection
FNDA:1,handleRouteErrors
DA:1,1
DA:2,1
DA:3,1
DA:4,1
DA:5,1
DA:6,1
DA:7,1
DA:8,1
DA:9,1
DA:10,1
DA:11,1
DA:12,1
DA:13,1
DA:14,1
DA:15,1
DA:16,1
DA:17,1
DA:18,1
DA:19,1
DA:20,1
DA:21,1
DA:22,1
DA:23,1
DA:24,1
DA:25,1
DA:26,1
DA:27,1
DA:28,1
DA:29,1
DA:30,1
DA:31,1
DA:32,1
DA:33,1
DA:34,1
DA:35,0
DA:36,1
DA:37,1
DA:38,1
DA:39,1
DA:40,1
DA:41,1
DA:42,1
DA:43,1
DA:44,1
DA:45,1
DA:46,1
DA:47,1
DA:48,1
DA:49,1
DA:50,1
DA:51,1
DA:52,1
DA:53,1
DA:54,1
DA:55,1
DA:56,1
DA:57,1
DA:58,1
DA:59,2
DA:60,2
DA:61,2
DA:62,2
DA:63,2
DA:64,2
DA:65,2
DA:66,2
DA:67,2
DA:68,2
DA:69,0
DA:70,0
DA:71,2
DA:72,2
DA:73,2
DA:74,2
DA:75,2
DA:76,2
DA:77,1
DA:78,1
DA:79,1
DA:80,1
LF:80
LH:77
BRDA:13,0,0,1
BRDA:31,1,0,1
BRDA:32,2,0,1
BRDA:41,3,0,1
BRDA:44,4,0,1
BRDA:47,5,0,0
BRDA:49,6,0,1
BRDA:56,7,0,1
BRDA:58,8,0,2
BRDA:68,9,0,0
BRDA:75,10,0,0
BRF:11
BRH:8
end_of_record
TN:
SF:test/test-helpers.ts
FN:4,getAxiosInstance
FN:16,generateRandomEmailAddress
FN:25,signValidTokenWithDefaultUser
FN:29,signValidToken
FN:33,signExpiredToken
FN:37,internalSignTokenSynchronously
FNF:6
FNH:3
FNDA:0,getAxiosInstance
FNDA:1,generateRandomEmailAddress
FNDA:1,signValidTokenWithDefaultUser
FNDA:0,signValidToken
FNDA:0,signExpiredToken
FNDA:1,internalSignTokenSynchronously
DA:1,1
DA:2,1
DA:3,1
DA:4,1
DA:5,0
DA:6,0
DA:7,0
DA:8,0
DA:9,0
DA:10,0
DA:11,0
DA:12,0
DA:13,0
DA:14,0
DA:15,1
DA:16,1
DA:17,1
DA:18,1
DA:19,1
DA:20,1
DA:21,1
DA:22,1
DA:23,1
DA:24,1
DA:25,1
DA:26,1
DA:27,1
DA:28,1
DA:29,0
DA:30,0
DA:31,0
DA:32,1
DA:33,0
DA:34,0
DA:35,0
DA:36,1
DA:37,1
DA:38,1
DA:39,1
DA:40,1
DA:41,1
DA:42,1
DA:43,1
DA:44,1
DA:45,1
DA:46,1
DA:47,1
DA:48,1
DA:49,1
DA:50,1
DA:51,1
DA:52,1
LF:52
LH:36
BRDA:16,0,0,1
BRDA:25,1,0,1
BRDA:37,2,0,1
BRF:3
BRH:3
end_of_record
