TN:
SF:index.ts
FN:9,listenToErrorEvents
FN:34,handleError
FN:54,terminateHttpServerAndExit
FN:63,normalizeError
FN:83,AppError
FN:97,fireMetric
FNF:6
FNH:5
FNDA:1,listenToErrorEvents
FNDA:14,handleError
FNDA:0,terminateHttpServerAndExit
FNDA:14,normalizeError
FNDA:14,AppError
FNDA:14,fireMetric
DA:1,1
DA:2,1
DA:3,1
DA:4,1
DA:5,1
DA:6,1
DA:7,1
DA:8,1
DA:9,1
DA:10,1
DA:11,1
DA:12,1
DA:13,1
DA:14,1
DA:15,1
DA:16,0
DA:17,1
DA:18,1
DA:19,1
DA:20,0
DA:21,0
DA:22,0
DA:23,0
DA:24,1
DA:25,1
DA:26,1
DA:27,0
DA:28,0
DA:29,0
DA:30,0
DA:31,1
DA:32,1
DA:33,1
DA:34,1
DA:35,14
DA:36,14
DA:37,14
DA:38,14
DA:39,14
DA:40,14
DA:41,0
DA:42,0
DA:43,14
DA:44,0
DA:45,0
DA:46,0
DA:47,0
DA:48,0
DA:49,0
DA:50,0
DA:51,1
DA:52,1
DA:53,1
DA:54,1
DA:55,0
DA:56,0
DA:57,0
DA:58,0
DA:59,0
DA:60,0
DA:61,1
DA:62,1
DA:63,1
DA:64,14
DA:65,1
DA:66,1
DA:67,14
DA:68,2
DA:69,2
DA:70,2
DA:71,2
DA:72,11
DA:73,11
DA:74,11
DA:75,11
DA:76,11
DA:77,11
DA:78,11
DA:79,11
DA:80,11
DA:81,1
DA:82,1
DA:83,1
DA:84,14
DA:85,14
DA:86,14
DA:87,14
DA:88,14
DA:89,14
DA:90,14
DA:91,14
DA:92,1
DA:93,1
DA:94,1
DA:95,1
DA:96,1
DA:97,1
DA:98,14
DA:99,14
DA:100,14
DA:101,14
DA:102,14
DA:103,14
DA:104,1
DA:105,1
DA:106,1
DA:107,1
LF:107
LH:83
BRDA:9,0,0,1
BRDA:11,1,0,1
BRDA:34,2,0,14
BRDA:40,3,0,0
BRDA:43,4,0,0
BRDA:63,5,0,14
BRDA:64,6,0,1
BRDA:67,7,0,13
BRDA:67,8,0,2
BRDA:72,9,0,11
BRDA:83,10,0,14
BRDA:97,11,0,14
BRF:12
BRH:10
end_of_record
